<?xml version="1.0" encoding="UTF-8"?>
<testsuite xmlns:xsi="http://www.w3.org/2001/XMLSchema-instance" xsi:noNamespaceSchemaLocation="https://maven.apache.org/surefire/maven-surefire-plugin/xsd/surefire-test-report.xsd" version="3.0.2" name="com.paimana.insight.PaimanaInsightApplicationTests" time="16.241" tests="1" errors="0" skipped="0" failures="0" flakes="0">
  <properties>
[...]
</properties>
  <testcase name="contextLoads" classname="com.paimana.insight.PaimanaInsightApplicationTests" time="1.256">
    <system-out><![CDATA[Standard Commons Logging discovery in action with spring-jcl: please remove commons-logging.jar from classpath in order to avoid potential conflicts
22:02:52.630 [main] INFO org.springframework.test.context.support.AnnotationConfigContextLoaderUtils -- Could not detect default configuration classes for test class [com.paimana.insight.PaimanaInsightApplicationTests]: PaimanaInsightApplicationTests does not declare any static, non-private, non-final, nested classes annotated with @Configuration.
22:02:52.930 [main] INFO org.springframework.boot.test.context.SpringBootTestContextBootstrapper -- Found @SpringBootConfiguration com.paimana.insight.PaimanaInsightApplication for test class com.paimana.insight.PaimanaInsightApplicationTests

  .   ____          _            __ _ _
 /\\ / ___'_ __ _ _(_)_ __  __ _ \ \ \ \
( ( )\___ | '_ | '_| | '_ \/ _` | \ \ \ \
 \\/  ___)| |_)| | | | | || (_| |  ) ) ) )
  '  |____| .__|_| |_|_| |_\__, | / / / /
 =========|_|==============|___/=/_/_/_/

 :: Spring Boot ::               (v3.5.16)

2026-09-25T22:02:54.001+05:30  INFO 52936 --- [paimana-insight] [           main] c.p.i.PaimanaInsightApplicationTests     : Starting PaimanaInsightApplicationTests using Java 21.0.10 with PID 52936 (started by shami in D:\PAIMANA_Insight_SIH26103\backend)
2026-09-25T22:02:54.005+05:30  INFO 52936 --- [paimana-insight] [           main] c.p.i.PaimanaInsightApplicationTests     : No active profile set, falling back to 1 default profile: "default"
2026-09-25T22:02:55.800+05:30  INFO 52936 --- [paimana-insight] [           main] .s.d.r.c.RepositoryConfigurationDelegate : Bootstrapping Spring Data JPA repositories in DEFAULT mode.
2026-09-25T22:02:55.925+05:30  INFO 52936 --- [paimana-insight] [           main] .s.d.r.c.RepositoryConfigurationDelegate : Finished Spring Data repository scanning in 103 ms. Found 4 JPA repository interfaces.
2026-09-25T22:02:57.535+05:30  INFO 52936 --- [paimana-insight] [           main] o.hibernate.jpa.internal.util.LogHelper  : HHH000204: Processing PersistenceUnitInfo [name: default]
2026-09-25T22:02:57.697+05:30  INFO 52936 --- [paimana-insight] [           main] org.hibernate.Version                    : HHH000412: Hibernate ORM core version 6.6.53.Final
2026-09-25T22:02:57.820+05:30  INFO 52936 --- [paimana-insight] [           main] o.h.c.internal.RegionFactoryInitiator    : HHH000026: Second-level cache disabled
2026-09-25T22:02:58.543+05:30  INFO 52936 --- [paimana-insight] [           main] o.s.o.j.p.SpringPersistenceUnitInfo      : No LoadTimeWeaver setup: ignoring JPA class transformer
2026-09-25T22:02:58.627+05:30  INFO 52936 --- [paimana-insight] [           main] com.zaxxer.hikari.HikariDataSource       : HikariPool-1 - Starting...
2026-09-25T22:02:59.445+05:30  INFO 52936 --- [paimana-insight] [           main] com.zaxxer.hikari.pool.HikariPool        : HikariPool-1 - Added connection org.postgresql.jdbc.PgConnection@2e4ecdf8
2026-09-25T22:02:59.448+05:30  INFO 52936 --- [paimana-insight] [           main] com.zaxxer.hikari.HikariDataSource       : HikariPool-1 - Start completed.
2026-09-25T22:02:59.601+05:30  INFO 52936 --- [paimana-insight] [           main] org.hibernate.orm.connections.pooling    : HHH10001005: Database info:
	Database JDBC URL [Connecting through datasource 'HikariDataSource (HikariPool-1)']
	Database driver: undefined/unknown
	Database version: 18.3
	Autocommit mode: undefined/unknown
	Isolation level: undefined/unknown
	Minimum pool size: undefined/unknown
	Maximum pool size: undefined/unknown
2026-09-25T22:03:02.299+05:30  INFO 52936 --- [paimana-insight] [           main] o.h.e.t.j.p.i.JtaPlatformInitiator       : HHH000489: No JTA platform available (set 'hibernate.transaction.jta.platform' to enable JTA platform integration)
2026-09-25T22:03:02.555+05:30  INFO 52936 --- [paimana-insight] [           main] j.LocalContainerEntityManagerFactoryBean : Initialized JPA EntityManagerFactory for persistence unit 'default'
===== MY SECURITY CONFIG LOADED =====
2026-09-25T22:03:04.214+05:30  WARN 52936 --- [paimana-insight] [           main] .s.s.UserDetailsServiceAutoConfiguration : 

Using generated security password: 5a910de1-8527-48ed-884e-833d066c1d06

This generated password is for development use only. Your security configuration must be updated before running your application in production.

2026-09-25T22:03:04.235+05:30  INFO 52936 --- [paimana-insight] [           main] r$InitializeUserDetailsManagerConfigurer : Global AuthenticationManager configured with UserDetailsService bean with name inMemoryUserDetailsManager
2026-09-25T22:03:06.104+05:30  INFO 52936 --- [paimana-insight] [           main] c.p.i.PaimanaInsightApplicationTests     : Started PaimanaInsightApplicationTests in 12.768 seconds (process running for 14.933)
Hibernate: select u1_0.id from users u1_0 where u1_0.email=? fetch first ? rows only
Hibernate: select u1_0.id from users u1_0 where u1_0.email=? fetch first ? rows only
Hibernate: select u1_0.id from users u1_0 where u1_0.email=? fetch first ? rows only
Hibernate: select count(*) from projects p1_0
]]></system-out>
    <system-err><![CDATA[Mockito is currently self-attaching to enable the inline-mock-maker. This will no longer work in future releases of the JDK. Please add Mockito as an agent to your build as described in Mockito's documentation: https://javadoc.io/doc/org.mockito/mockito-core/latest/org.mockito/org/mockito/Mockito.html#0.3
WARNING: A Java agent has been loaded dynamically (C:\Users\shami\.m2\repository\net\bytebuddy\byte-buddy-agent\1.17.8\byte-buddy-agent-1.17.8.jar)
WARNING: If a serviceability tool is in use, please run with -XX:+EnableDynamicAgentLoading to hide this warning
WARNING: If a serviceability tool is not in use, please run with -Djdk.instrument.traceUsage for more information
WARNING: Dynamic loading of agents will be disallowed by default in a future release
]]></system-err>
  </testcase>
</testsuite>